<?xml version="1.0" encoding="UTF-8"?>
<!-- Generated by org.testng.reporters.JUnitReportReporter -->
<testsuite hostname="DESKTOP-CPUJJ9I" failures="0" tests="1" name="com.ebey.testcases.HomeTest" time="82.165" errors="0" timestamp="2023-09-18T15:15:22 IST" skipped="0">
  <testcase classname="com.ebey.testcases.HomeTest" name="searchHomePageTest" time="82.165"/>
</testsuite> <!-- com.ebey.testcases.HomeTest -->
