<?xml version="1.0" encoding="UTF-8"?>
<!-- Generated by org.testng.reporters.JUnitReportReporter -->
<testsuite hostname="DESKTOP-CPUJJ9I" failures="0" tests="1" name="com.ebey.testcases.IndexPageTest" time="20.495" errors="0" timestamp="2023-09-14T12:13:01 IST" skipped="0">
  <testcase classname="com.ebey.testcases.IndexPageTest" name="IndexSigninClickTest" time="20.495"/>
</testsuite> <!-- com.ebey.testcases.IndexPageTest -->
