<?xml version="1.0" encoding="UTF-8"?>
<!-- Generated by org.testng.reporters.JUnitReportReporter -->
<testsuite hostname="DESKTOP-CPUJJ9I" failures="0" tests="1" name="com.ebey.testcases.LoginPageTest" time="40.099" errors="0" timestamp="2023-09-14T12:10:34 IST" skipped="0">
  <testcase classname="com.ebey.testcases.LoginPageTest" name="IndexSigninClickTest" time="40.099"/>
</testsuite> <!-- com.ebey.testcases.LoginPageTest -->
