<?xml version="1.0" encoding="UTF-8"?>
<!-- Generated by org.testng.reporters.JUnitReportReporter -->
<testsuite hostname="DESKTOP-CPUJJ9I" failures="0" tests="1" name="com.ebey.testcases.HomePageTest" time="59.937" errors="0" timestamp="2023-09-14T12:15:11 IST" skipped="0">
  <testcase classname="com.ebey.testcases.HomePageTest" name="searchHomePageTest" time="59.937"/>
</testsuite> <!-- com.ebey.testcases.HomePageTest -->
